# JRE version: Java(TM) SE Runtime Environment (16.0.1+9) (build 16.0.1+9-24)
# Java VM: Java HotSpot(TM) 64-Bit Server VM (16.0.1+9-24, mixed mode, sharing, tiered, compressed oops, compressed class ptrs, g1 gc, linux-amd64)
GC Precious Log:
 CPUs: 4 total, 4 available
 Memory: 19403M
 Large Page Support: Disabled
 NUMA Support: Disabled
 Compressed Oops: Enabled (Zero based)
 Heap Region Size: 4M
 Heap Min Capacity: 8M
 Heap Initial Capacity: 304M
 Heap Max Capacity: 4852M
 Pre-touch: Disabled
 Parallel Workers: 4
 Concurrent Workers: 1
 Concurrent Refinement Workers: 4
 Periodic GC: Disabled
Heap:
 garbage-first heap   total 319488K, used 150613K [0x00000006d0c00000, 0x0000000800000000)
  region size 4096K, 31 young (126976K), 1 survivors (4096K)
 Metaspace       used 14004K, committed 14208K, reserved 1064960K
  class space    used 1169K, committed 1280K, reserved 1048576K
GC Heap History (10 events):
Event: 0,385 GC heap before
{Heap before GC invocations=0 (full 0):
 garbage-first heap   total 319488K, used 16344K [0x00000006d0c00000, 0x0000000800000000)
  region size 4096K, 3 young (12288K), 0 survivors (0K)
 Metaspace       used 2281K, committed 2432K, reserved 1056768K
  class space    used 199K, committed 256K, reserved 1048576K
}
Event: 0,389 GC heap after
{Heap after GC invocations=1 (full 0):
 garbage-first heap   total 319488K, used 9872K [0x00000006d0c00000, 0x0000000800000000)
  region size 4096K, 1 young (4096K), 1 survivors (4096K)
 Metaspace       used 2281K, committed 2432K, reserved 1056768K
  class space    used 199K, committed 256K, reserved 1048576K
}
Event: 0,557 GC heap before
{Heap before GC invocations=1 (full 0):
 garbage-first heap   total 319488K, used 13968K [0x00000006d0c00000, 0x0000000800000000)
  region size 4096K, 3 young (12288K), 1 survivors (4096K)
 Metaspace       used 3183K, committed 3392K, reserved 1056768K
  class space    used 281K, committed 384K, reserved 1048576K
}
Event: 0,561 GC heap after
{Heap after GC invocations=2 (full 0):
 garbage-first heap   total 319488K, used 10423K [0x00000006d0c00000, 0x0000000800000000)
  region size 4096K, 1 young (4096K), 1 survivors (4096K)
 Metaspace       used 3183K, committed 3392K, reserved 1056768K
  class space    used 281K, committed 384K, reserved 1048576K
}
Event: 0,949 GC heap before
{Heap before GC invocations=2 (full 0):
 garbage-first heap   total 319488K, used 26807K [0x00000006d0c00000, 0x0000000800000000)
  region size 4096K, 5 young (20480K), 1 survivors (4096K)
 Metaspace       used 5702K, committed 5888K, reserved 1056768K
  class space    used 519K, committed 640K, reserved 1048576K
}
Event: 0,954 GC heap after
{Heap after GC invocations=3 (full 0):
 garbage-first heap   total 319488K, used 11589K [0x00000006d0c00000, 0x0000000800000000)
  region size 4096K, 1 young (4096K), 1 survivors (4096K)
 Metaspace       used 5702K, committed 5888K, reserved 1056768K
  class space    used 519K, committed 640K, reserved 1048576K
}
Event: 13,819 GC heap before
{Heap before GC invocations=3 (full 0):
 garbage-first heap   total 319488K, used 187717K [0x00000006d0c00000, 0x0000000800000000)
  region size 4096K, 45 young (184320K), 1 survivors (4096K)
 Metaspace       used 10807K, committed 10944K, reserved 1064960K
  class space    used 1003K, committed 1088K, reserved 1048576K
}
Event: 13,838 GC heap after
{Heap after GC invocations=4 (full 0):
 garbage-first heap   total 319488K, used 28032K [0x00000006d0c00000, 0x0000000800000000)
  region size 4096K, 5 young (20480K), 5 survivors (20480K)
 Metaspace       used 10807K, committed 10944K, reserved 1064960K
  class space    used 1003K, committed 1088K, reserved 1048576K
}
Event: 32,433 GC heap before
{Heap before GC invocations=4 (full 0):
 garbage-first heap   total 319488K, used 109952K [0x00000006d0c00000, 0x0000000800000000)
  region size 4096K, 25 young (102400K), 5 survivors (20480K)
 Metaspace       used 12562K, committed 12736K, reserved 1064960K
  class space    used 1088K, committed 1152K, reserved 1048576K
}
Event: 32,456 GC heap after
{Heap after GC invocations=5 (full 0):
 garbage-first heap   total 319488K, used 31829K [0x00000006d0c00000, 0x0000000800000000)
  region size 4096K, 1 young (4096K), 1 survivors (4096K)
 Metaspace       used 12562K, committed 12736K, reserved 1064960K
  class space    used 1088K, committed 1152K, reserved 1048576K
}

