# JRE version: Java(TM) SE Runtime Environment (16.0.1+9) (build 16.0.1+9-24)
# Java VM: Java HotSpot(TM) 64-Bit Server VM (16.0.1+9-24, mixed mode, sharing, tiered, compressed oops, compressed class ptrs, g1 gc, linux-amd64)
GC Precious Log:
 CPUs: 4 total, 4 available
 Memory: 19403M
 Large Page Support: Disabled
 NUMA Support: Disabled
 Compressed Oops: Enabled (Zero based)
 Heap Region Size: 4M
 Heap Min Capacity: 8M
 Heap Initial Capacity: 304M
 Heap Max Capacity: 4852M
 Pre-touch: Disabled
 Parallel Workers: 4
 Concurrent Workers: 1
 Concurrent Refinement Workers: 4
 Periodic GC: Disabled
Heap:
 garbage-first heap   total 311296K, used 194698K [0x00000006d0c00000, 0x0000000800000000)
  region size 4096K, 42 young (172032K), 1 survivors (4096K)
 Metaspace       used 43365K, committed 43712K, reserved 1089536K
  class space    used 4248K, committed 4416K, reserved 1048576K
GC Heap History (20 events):
Event: 160,054 GC heap before
{Heap before GC invocations=25 (full 0):
 garbage-first heap   total 184320K, used 131258K [0x00000006d0c00000, 0x0000000800000000)
  region size 4096K, 27 young (110592K), 2 survivors (8192K)
 Metaspace       used 41172K, committed 41600K, reserved 1089536K
  class space    used 4150K, committed 4352K, reserved 1048576K
}
Event: 160,068 GC heap after
{Heap after GC invocations=26 (full 0):
 garbage-first heap   total 184320K, used 29637K [0x00000006d0c00000, 0x0000000800000000)
  region size 4096K, 2 young (8192K), 2 survivors (8192K)
 Metaspace       used 41172K, committed 41600K, reserved 1089536K
  class space    used 4150K, committed 4352K, reserved 1048576K
}
Event: 160,972 GC heap before
{Heap before GC invocations=26 (full 0):
 garbage-first heap   total 184320K, used 132037K [0x00000006d0c00000, 0x0000000800000000)
  region size 4096K, 27 young (110592K), 2 survivors (8192K)
 Metaspace       used 41332K, committed 41728K, reserved 1089536K
  class space    used 4150K, committed 4352K, reserved 1048576K
}
Event: 160,983 GC heap after
{Heap after GC invocations=27 (full 0):
 garbage-first heap   total 184320K, used 29693K [0x00000006d0c00000, 0x0000000800000000)
  region size 4096K, 2 young (8192K), 2 survivors (8192K)
 Metaspace       used 41332K, committed 41728K, reserved 1089536K
  class space    used 4150K, committed 4352K, reserved 1048576K
}
Event: 161,816 GC heap before
{Heap before GC invocations=27 (full 0):
 garbage-first heap   total 184320K, used 132093K [0x00000006d0c00000, 0x0000000800000000)
  region size 4096K, 27 young (110592K), 2 survivors (8192K)
 Metaspace       used 41370K, committed 41792K, reserved 1089536K
  class space    used 4150K, committed 4352K, reserved 1048576K
}
Event: 161,825 GC heap after
{Heap after GC invocations=28 (full 0):
 garbage-first heap   total 311296K, used 29890K [0x00000006d0c00000, 0x0000000800000000)
  region size 4096K, 2 young (8192K), 2 survivors (8192K)
 Metaspace       used 41370K, committed 41792K, reserved 1089536K
  class space    used 4150K, committed 4352K, reserved 1048576K
}
Event: 163,200 GC heap before
{Heap before GC invocations=28 (full 0):
 garbage-first heap   total 311296K, used 206018K [0x00000006d0c00000, 0x0000000800000000)
  region size 4096K, 45 young (184320K), 2 survivors (8192K)
 Metaspace       used 41390K, committed 41792K, reserved 1089536K
  class space    used 4150K, committed 4352K, reserved 1048576K
}
Event: 163,209 GC heap after
{Heap after GC invocations=29 (full 0):
 garbage-first heap   total 311296K, used 29998K [0x00000006d0c00000, 0x0000000800000000)
  region size 4096K, 2 young (8192K), 2 survivors (8192K)
 Metaspace       used 41390K, committed 41792K, reserved 1089536K
  class space    used 4150K, committed 4352K, reserved 1048576K
}
Event: 166,360 GC heap before
{Heap before GC invocations=29 (full 0):
 garbage-first heap   total 311296K, used 206126K [0x00000006d0c00000, 0x0000000800000000)
  region size 4096K, 45 young (184320K), 2 survivors (8192K)
 Metaspace       used 41451K, committed 41856K, reserved 1089536K
  class space    used 4151K, committed 4352K, reserved 1048576K
}
Event: 166,366 GC heap after
{Heap after GC invocations=30 (full 0):
 garbage-first heap   total 311296K, used 29862K [0x00000006d0c00000, 0x0000000800000000)
  region size 4096K, 1 young (4096K), 1 survivors (4096K)
 Metaspace       used 41451K, committed 41856K, reserved 1089536K
  class space    used 4151K, committed 4352K, reserved 1048576K
}
Event: 194,317 GC heap before
{Heap before GC invocations=30 (full 0):
 garbage-first heap   total 311296K, used 205990K [0x00000006d0c00000, 0x0000000800000000)
  region size 4096K, 45 young (184320K), 1 survivors (4096K)
 Metaspace       used 41541K, committed 41920K, reserved 1089536K
  class space    used 4153K, committed 4352K, reserved 1048576K
}
Event: 194,322 GC heap after
{Heap after GC invocations=31 (full 0):
 garbage-first heap   total 311296K, used 30002K [0x00000006d0c00000, 0x0000000800000000)
  region size 4096K, 1 young (4096K), 1 survivors (4096K)
 Metaspace       used 41541K, committed 41920K, reserved 1089536K
  class space    used 4153K, committed 4352K, reserved 1048576K
}
Event: 199,404 GC heap before
{Heap before GC invocations=31 (full 0):
 garbage-first heap   total 311296K, used 210226K [0x00000006d0c00000, 0x0000000800000000)
  region size 4096K, 45 young (184320K), 1 survivors (4096K)
 Metaspace       used 41611K, committed 41984K, reserved 1089536K
  class space    used 4153K, committed 4352K, reserved 1048576K
}
Event: 199,409 GC heap after
{Heap after GC invocations=32 (full 0):
 garbage-first heap   total 311296K, used 30596K [0x00000006d0c00000, 0x0000000800000000)
  region size 4096K, 1 young (4096K), 1 survivors (4096K)
 Metaspace       used 41611K, committed 41984K, reserved 1089536K
  class space    used 4153K, committed 4352K, reserved 1048576K
}
Event: 201,183 GC heap before
{Heap before GC invocations=32 (full 0):
 garbage-first heap   total 311296K, used 210820K [0x00000006d0c00000, 0x0000000800000000)
  region size 4096K, 45 young (184320K), 1 survivors (4096K)
 Metaspace       used 41617K, committed 41984K, reserved 1089536K
  class space    used 4153K, committed 4352K, reserved 1048576K
}
Event: 201,188 GC heap after
{Heap after GC invocations=33 (full 0):
 garbage-first heap   total 311296K, used 30636K [0x00000006d0c00000, 0x0000000800000000)
  region size 4096K, 1 young (4096K), 1 survivors (4096K)
 Metaspace       used 41617K, committed 41984K, reserved 1089536K
  class space    used 4153K, committed 4352K, reserved 1048576K
}
Event: 206,126 GC heap before
{Heap before GC invocations=33 (full 0):
 garbage-first heap   total 311296K, used 210860K [0x00000006d0c00000, 0x0000000800000000)
  region size 4096K, 45 young (184320K), 1 survivors (4096K)
 Metaspace       used 41648K, committed 42048K, reserved 1089536K
  class space    used 4153K, committed 4352K, reserved 1048576K
}
Event: 206,132 GC heap after
{Heap after GC invocations=34 (full 0):
 garbage-first heap   total 311296K, used 30857K [0x00000006d0c00000, 0x0000000800000000)
  region size 4096K, 1 young (4096K), 1 survivors (4096K)
 Metaspace       used 41648K, committed 42048K, reserved 1089536K
  class space    used 4153K, committed 4352K, reserved 1048576K
}
Event: 206,789 GC heap before
{Heap before GC invocations=34 (full 0):
 garbage-first heap   total 311296K, used 211081K [0x00000006d0c00000, 0x0000000800000000)
  region size 4096K, 45 young (184320K), 1 survivors (4096K)
 Metaspace       used 41653K, committed 42048K, reserved 1089536K
  class space    used 4153K, committed 4352K, reserved 1048576K
}
Event: 206,794 GC heap after
{Heap after GC invocations=35 (full 0):
 garbage-first heap   total 311296K, used 30858K [0x00000006d0c00000, 0x0000000800000000)
  region size 4096K, 1 young (4096K), 1 survivors (4096K)
 Metaspace       used 41653K, committed 42048K, reserved 1089536K
  class space    used 4153K, committed 4352K, reserved 1048576K
}

