# JRE version: Java(TM) SE Runtime Environment (16.0.1+9) (build 16.0.1+9-24)
# Java VM: Java HotSpot(TM) 64-Bit Server VM (16.0.1+9-24, mixed mode, sharing, tiered, compressed oops, compressed class ptrs, g1 gc, linux-amd64)
GC Precious Log:
 CPUs: 4 total, 4 available
 Memory: 19403M
 Large Page Support: Disabled
 NUMA Support: Disabled
 Compressed Oops: Enabled (Zero based)
 Heap Region Size: 4M
 Heap Min Capacity: 8M
 Heap Initial Capacity: 304M
 Heap Max Capacity: 4852M
 Pre-touch: Disabled
 Parallel Workers: 4
 Concurrent Workers: 1
 Concurrent Refinement Workers: 4
 Periodic GC: Disabled
Heap:
 garbage-first heap   total 192512K, used 100160K [0x00000006d0c00000, 0x0000000800000000)
  region size 4096K, 20 young (81920K), 1 survivors (4096K)
 Metaspace       used 43489K, committed 43904K, reserved 1089536K
  class space    used 4268K, committed 4480K, reserved 1048576K
GC Heap History (20 events):
Event: 164,148 GC heap before
{Heap before GC invocations=27 (full 0):
 garbage-first heap   total 192512K, used 135648K [0x00000006d0c00000, 0x0000000800000000)
  region size 4096K, 28 young (114688K), 2 survivors (8192K)
 Metaspace       used 41488K, committed 41856K, reserved 1089536K
  class space    used 4170K, committed 4352K, reserved 1048576K
}
Event: 164,159 GC heap after
{Heap after GC invocations=28 (full 0):
 garbage-first heap   total 192512K, used 29248K [0x00000006d0c00000, 0x0000000800000000)
  region size 4096K, 2 young (8192K), 2 survivors (8192K)
 Metaspace       used 41488K, committed 41856K, reserved 1089536K
  class space    used 4170K, committed 4352K, reserved 1048576K
}
Event: 165,943 GC heap before
{Heap before GC invocations=28 (full 0):
 garbage-first heap   total 192512K, used 135744K [0x00000006d0c00000, 0x0000000800000000)
  region size 4096K, 28 young (114688K), 2 survivors (8192K)
 Metaspace       used 41501K, committed 41856K, reserved 1089536K
  class space    used 4171K, committed 4352K, reserved 1048576K
}
Event: 165,953 GC heap after
{Heap after GC invocations=29 (full 0):
 garbage-first heap   total 192512K, used 29468K [0x00000006d0c00000, 0x0000000800000000)
  region size 4096K, 2 young (8192K), 2 survivors (8192K)
 Metaspace       used 41501K, committed 41856K, reserved 1089536K
  class space    used 4171K, committed 4352K, reserved 1048576K
}
Event: 168,592 GC heap before
{Heap before GC invocations=29 (full 0):
 garbage-first heap   total 192512K, used 135964K [0x00000006d0c00000, 0x0000000800000000)
  region size 4096K, 28 young (114688K), 2 survivors (8192K)
 Metaspace       used 41555K, committed 41920K, reserved 1089536K
  class space    used 4171K, committed 4352K, reserved 1048576K
}
Event: 168,601 GC heap after
{Heap after GC invocations=30 (full 0):
 garbage-first heap   total 192512K, used 29887K [0x00000006d0c00000, 0x0000000800000000)
  region size 4096K, 2 young (8192K), 2 survivors (8192K)
 Metaspace       used 41555K, committed 41920K, reserved 1089536K
  class space    used 4171K, committed 4352K, reserved 1048576K
}
Event: 198,773 GC heap before
{Heap before GC invocations=30 (full 0):
 garbage-first heap   total 192512K, used 132287K [0x00000006d0c00000, 0x0000000800000000)
  region size 4096K, 28 young (114688K), 2 survivors (8192K)
 Metaspace       used 41629K, committed 42048K, reserved 1089536K
  class space    used 4171K, committed 4352K, reserved 1048576K
}
Event: 198,786 GC heap after
{Heap after GC invocations=31 (full 0):
 garbage-first heap   total 192512K, used 29381K [0x00000006d0c00000, 0x0000000800000000)
  region size 4096K, 2 young (8192K), 2 survivors (8192K)
 Metaspace       used 41629K, committed 42048K, reserved 1089536K
  class space    used 4171K, committed 4352K, reserved 1048576K
}
Event: 202,190 GC heap before
{Heap before GC invocations=31 (full 0):
 garbage-first heap   total 192512K, used 135877K [0x00000006d0c00000, 0x0000000800000000)
  region size 4096K, 28 young (114688K), 2 survivors (8192K)
 Metaspace       used 41743K, committed 42112K, reserved 1089536K
  class space    used 4172K, committed 4352K, reserved 1048576K
}
Event: 202,200 GC heap after
{Heap after GC invocations=32 (full 0):
 garbage-first heap   total 192512K, used 30063K [0x00000006d0c00000, 0x0000000800000000)
  region size 4096K, 2 young (8192K), 2 survivors (8192K)
 Metaspace       used 41743K, committed 42112K, reserved 1089536K
  class space    used 4172K, committed 4352K, reserved 1048576K
}
Event: 203,773 GC heap before
{Heap before GC invocations=32 (full 0):
 garbage-first heap   total 192512K, used 136559K [0x00000006d0c00000, 0x0000000800000000)
  region size 4096K, 28 young (114688K), 2 survivors (8192K)
 Metaspace       used 41747K, committed 42112K, reserved 1089536K
  class space    used 4172K, committed 4352K, reserved 1048576K
}
Event: 203,780 GC heap after
{Heap after GC invocations=33 (full 0):
 garbage-first heap   total 192512K, used 30339K [0x00000006d0c00000, 0x0000000800000000)
  region size 4096K, 2 young (8192K), 2 survivors (8192K)
 Metaspace       used 41747K, committed 42112K, reserved 1089536K
  class space    used 4172K, committed 4352K, reserved 1048576K
}
Event: 209,238 GC heap before
{Heap before GC invocations=33 (full 0):
 garbage-first heap   total 192512K, used 136835K [0x00000006d0c00000, 0x0000000800000000)
  region size 4096K, 28 young (114688K), 2 survivors (8192K)
 Metaspace       used 41784K, committed 42176K, reserved 1089536K
  class space    used 4173K, committed 4352K, reserved 1048576K
}
Event: 209,246 GC heap after
{Heap after GC invocations=34 (full 0):
 garbage-first heap   total 192512K, used 30562K [0x00000006d0c00000, 0x0000000800000000)
  region size 4096K, 1 young (4096K), 1 survivors (4096K)
 Metaspace       used 41784K, committed 42176K, reserved 1089536K
  class space    used 4173K, committed 4352K, reserved 1048576K
}
Event: 209,752 GC heap before
{Heap before GC invocations=34 (full 0):
 garbage-first heap   total 192512K, used 141154K [0x00000006d0c00000, 0x0000000800000000)
  region size 4096K, 28 young (114688K), 1 survivors (4096K)
 Metaspace       used 41788K, committed 42176K, reserved 1089536K
  class space    used 4173K, committed 4352K, reserved 1048576K
}
Event: 209,758 GC heap after
{Heap after GC invocations=35 (full 0):
 garbage-first heap   total 192512K, used 30732K [0x00000006d0c00000, 0x0000000800000000)
  region size 4096K, 1 young (4096K), 1 survivors (4096K)
 Metaspace       used 41788K, committed 42176K, reserved 1089536K
  class space    used 4173K, committed 4352K, reserved 1048576K
}
Event: 210,264 GC heap before
{Heap before GC invocations=35 (full 0):
 garbage-first heap   total 192512K, used 141324K [0x00000006d0c00000, 0x0000000800000000)
  region size 4096K, 28 young (114688K), 1 survivors (4096K)
 Metaspace       used 41790K, committed 42176K, reserved 1089536K
  class space    used 4173K, committed 4352K, reserved 1048576K
}
Event: 210,269 GC heap after
{Heap after GC invocations=36 (full 0):
 garbage-first heap   total 192512K, used 30578K [0x00000006d0c00000, 0x0000000800000000)
  region size 4096K, 1 young (4096K), 1 survivors (4096K)
 Metaspace       used 41790K, committed 42176K, reserved 1089536K
  class space    used 4173K, committed 4352K, reserved 1048576K
}
Event: 210,905 GC heap before
{Heap before GC invocations=36 (full 0):
 garbage-first heap   total 192512K, used 141170K [0x00000006d0c00000, 0x0000000800000000)
  region size 4096K, 28 young (114688K), 1 survivors (4096K)
 Metaspace       used 41790K, committed 42176K, reserved 1089536K
  class space    used 4173K, committed 4352K, reserved 1048576K
}
Event: 210,910 GC heap after
{Heap after GC invocations=37 (full 0):
 garbage-first heap   total 192512K, used 30528K [0x00000006d0c00000, 0x0000000800000000)
  region size 4096K, 1 young (4096K), 1 survivors (4096K)
 Metaspace       used 41790K, committed 42176K, reserved 1089536K
  class space    used 4173K, committed 4352K, reserved 1048576K
}

