# JRE version: Java(TM) SE Runtime Environment (16.0.1+9) (build 16.0.1+9-24)
# Java VM: Java HotSpot(TM) 64-Bit Server VM (16.0.1+9-24, mixed mode, sharing, tiered, compressed oops, compressed class ptrs, g1 gc, linux-amd64)
GC Precious Log:
 CPUs: 4 total, 4 available
 Memory: 19403M
 Large Page Support: Disabled
 NUMA Support: Disabled
 Compressed Oops: Enabled (Zero based)
 Heap Region Size: 4M
 Heap Min Capacity: 8M
 Heap Initial Capacity: 304M
 Heap Max Capacity: 4852M
 Pre-touch: Disabled
 Parallel Workers: 4
 Concurrent Workers: 1
 Concurrent Refinement Workers: 4
 Periodic GC: Disabled
Heap:
 garbage-first heap   total 319488K, used 57162K [0x00000006d0c00000, 0x0000000800000000)
  region size 4096K, 9 young (36864K), 3 survivors (12288K)
 Metaspace       used 13162K, committed 13376K, reserved 1064960K
  class space    used 1141K, committed 1280K, reserved 1048576K
GC Heap History (10 events):
Event: 0,417 GC heap before
{Heap before GC invocations=0 (full 0):
 garbage-first heap   total 319488K, used 16344K [0x00000006d0c00000, 0x0000000800000000)
  region size 4096K, 3 young (12288K), 0 survivors (0K)
 Metaspace       used 2296K, committed 2432K, reserved 1056768K
  class space    used 199K, committed 256K, reserved 1048576K
}
Event: 0,422 GC heap after
{Heap after GC invocations=1 (full 0):
 garbage-first heap   total 319488K, used 9974K [0x00000006d0c00000, 0x0000000800000000)
  region size 4096K, 1 young (4096K), 1 survivors (4096K)
 Metaspace       used 2296K, committed 2432K, reserved 1056768K
  class space    used 199K, committed 256K, reserved 1048576K
}
Event: 0,588 GC heap before
{Heap before GC invocations=1 (full 0):
 garbage-first heap   total 319488K, used 18166K [0x00000006d0c00000, 0x0000000800000000)
  region size 4096K, 3 young (12288K), 1 survivors (4096K)
 Metaspace       used 3202K, committed 3392K, reserved 1056768K
  class space    used 281K, committed 384K, reserved 1048576K
}
Event: 0,592 GC heap after
{Heap after GC invocations=2 (full 0):
 garbage-first heap   total 319488K, used 10047K [0x00000006d0c00000, 0x0000000800000000)
  region size 4096K, 1 young (4096K), 1 survivors (4096K)
 Metaspace       used 3202K, committed 3392K, reserved 1056768K
  class space    used 281K, committed 384K, reserved 1048576K
}
Event: 0,940 GC heap before
{Heap before GC invocations=2 (full 0):
 garbage-first heap   total 319488K, used 26431K [0x00000006d0c00000, 0x0000000800000000)
  region size 4096K, 5 young (20480K), 1 survivors (4096K)
 Metaspace       used 5771K, committed 6016K, reserved 1056768K
  class space    used 520K, committed 640K, reserved 1048576K
}
Event: 0,945 GC heap after
{Heap after GC invocations=3 (full 0):
 garbage-first heap   total 319488K, used 11101K [0x00000006d0c00000, 0x0000000800000000)
  region size 4096K, 1 young (4096K), 1 survivors (4096K)
 Metaspace       used 5771K, committed 6016K, reserved 1056768K
  class space    used 520K, committed 640K, reserved 1048576K
}
Event: 52,099 GC heap before
{Heap before GC invocations=3 (full 0):
 garbage-first heap   total 319488K, used 191325K [0x00000006d0c00000, 0x0000000800000000)
  region size 4096K, 45 young (184320K), 1 survivors (4096K)
 Metaspace       used 10434K, committed 10560K, reserved 1064960K
  class space    used 975K, committed 1024K, reserved 1048576K
}
Event: 52,122 GC heap after
{Heap after GC invocations=4 (full 0):
 garbage-first heap   total 319488K, used 27450K [0x00000006d0c00000, 0x0000000800000000)
  region size 4096K, 5 young (20480K), 5 survivors (20480K)
 Metaspace       used 10434K, committed 10560K, reserved 1064960K
  class space    used 975K, committed 1024K, reserved 1048576K
}
Event: 162,540 GC heap before
{Heap before GC invocations=4 (full 0):
 garbage-first heap   total 319488K, used 113466K [0x00000006d0c00000, 0x0000000800000000)
  region size 4096K, 26 young (106496K), 5 survivors (20480K)
 Metaspace       used 12176K, committed 12416K, reserved 1064960K
  class space    used 1086K, committed 1216K, reserved 1048576K
}
Event: 162,572 GC heap after
{Heap after GC invocations=5 (full 0):
 garbage-first heap   total 319488K, used 36682K [0x00000006d0c00000, 0x0000000800000000)
  region size 4096K, 3 young (12288K), 3 survivors (12288K)
 Metaspace       used 12176K, committed 12416K, reserved 1064960K
  class space    used 1086K, committed 1216K, reserved 1048576K
}

