# JRE version: Java(TM) SE Runtime Environment (16.0.1+9) (build 16.0.1+9-24)
# Java VM: Java HotSpot(TM) 64-Bit Server VM (16.0.1+9-24, mixed mode, sharing, tiered, compressed oops, compressed class ptrs, g1 gc, linux-amd64)
GC Precious Log:
 CPUs: 4 total, 4 available
 Memory: 19403M
 Large Page Support: Disabled
 NUMA Support: Disabled
 Compressed Oops: Enabled (Zero based)
 Heap Region Size: 4M
 Heap Min Capacity: 8M
 Heap Initial Capacity: 304M
 Heap Max Capacity: 4852M
 Pre-touch: Disabled
 Parallel Workers: 4
 Concurrent Workers: 1
 Concurrent Refinement Workers: 4
 Periodic GC: Disabled
Heap:
 garbage-first heap   total 319488K, used 55399K [0x00000006d0c00000, 0x0000000800000000)
  region size 4096K, 8 young (32768K), 3 survivors (12288K)
 Metaspace       used 13202K, committed 13440K, reserved 1064960K
  class space    used 1144K, committed 1280K, reserved 1048576K
GC Heap History (10 events):
Event: 0,367 GC heap before
{Heap before GC invocations=0 (full 0):
 garbage-first heap   total 319488K, used 16344K [0x00000006d0c00000, 0x0000000800000000)
  region size 4096K, 3 young (12288K), 0 survivors (0K)
 Metaspace       used 2293K, committed 2432K, reserved 1056768K
  class space    used 199K, committed 256K, reserved 1048576K
}
Event: 0,372 GC heap after
{Heap after GC invocations=1 (full 0):
 garbage-first heap   total 319488K, used 9925K [0x00000006d0c00000, 0x0000000800000000)
  region size 4096K, 1 young (4096K), 1 survivors (4096K)
 Metaspace       used 2293K, committed 2432K, reserved 1056768K
  class space    used 199K, committed 256K, reserved 1048576K
}
Event: 0,542 GC heap before
{Heap before GC invocations=1 (full 0):
 garbage-first heap   total 319488K, used 14021K [0x00000006d0c00000, 0x0000000800000000)
  region size 4096K, 3 young (12288K), 1 survivors (4096K)
 Metaspace       used 3216K, committed 3392K, reserved 1056768K
  class space    used 281K, committed 384K, reserved 1048576K
}
Event: 0,546 GC heap after
{Heap after GC invocations=2 (full 0):
 garbage-first heap   total 319488K, used 10423K [0x00000006d0c00000, 0x0000000800000000)
  region size 4096K, 1 young (4096K), 1 survivors (4096K)
 Metaspace       used 3216K, committed 3392K, reserved 1056768K
  class space    used 281K, committed 384K, reserved 1048576K
}
Event: 0,942 GC heap before
{Heap before GC invocations=2 (full 0):
 garbage-first heap   total 319488K, used 26807K [0x00000006d0c00000, 0x0000000800000000)
  region size 4096K, 5 young (20480K), 1 survivors (4096K)
 Metaspace       used 5780K, committed 5952K, reserved 1056768K
  class space    used 519K, committed 640K, reserved 1048576K
}
Event: 0,946 GC heap after
{Heap after GC invocations=3 (full 0):
 garbage-first heap   total 319488K, used 11650K [0x00000006d0c00000, 0x0000000800000000)
  region size 4096K, 1 young (4096K), 1 survivors (4096K)
 Metaspace       used 5780K, committed 5952K, reserved 1056768K
  class space    used 519K, committed 640K, reserved 1048576K
}
Event: 21,444 GC heap before
{Heap before GC invocations=3 (full 0):
 garbage-first heap   total 319488K, used 191874K [0x00000006d0c00000, 0x0000000800000000)
  region size 4096K, 45 young (184320K), 1 survivors (4096K)
 Metaspace       used 10675K, committed 10880K, reserved 1064960K
  class space    used 992K, committed 1088K, reserved 1048576K
}
Event: 21,467 GC heap after
{Heap after GC invocations=4 (full 0):
 garbage-first heap   total 319488K, used 27624K [0x00000006d0c00000, 0x0000000800000000)
  region size 4096K, 5 young (20480K), 5 survivors (20480K)
 Metaspace       used 10675K, committed 10880K, reserved 1064960K
  class space    used 992K, committed 1088K, reserved 1048576K
}
Event: 141,869 GC heap before
{Heap before GC invocations=4 (full 0):
 garbage-first heap   total 319488K, used 109544K [0x00000006d0c00000, 0x0000000800000000)
  region size 4096K, 25 young (102400K), 5 survivors (20480K)
 Metaspace       used 12211K, committed 12416K, reserved 1064960K
  class space    used 1087K, committed 1216K, reserved 1048576K
}
Event: 141,901 GC heap after
{Heap after GC invocations=5 (full 0):
 garbage-first heap   total 319488K, used 39015K [0x00000006d0c00000, 0x0000000800000000)
  region size 4096K, 3 young (12288K), 3 survivors (12288K)
 Metaspace       used 12211K, committed 12416K, reserved 1064960K
  class space    used 1087K, committed 1216K, reserved 1048576K
}

