<?xml version="1.0" encoding="UTF-8"?>
<testsuite xmlns:xsi="http://www.w3.org/2001/XMLSchema-instance" xsi:noNamespaceSchemaLocation="https://maven.apache.org/surefire/maven-surefire-plugin/xsd/surefire-test-report.xsd" name="org.sosy_lab.java_smt_example.SudokuTest" time="1.836" tests="3" errors="0" skipped="0" failures="0">
  <properties>
[...]
</properties>
  <testcase name="z3SudokuTest" classname="org.sosy_lab.java_smt_example.SudokuTest" time="0.361"/>
  <testcase name="mathsatSudokuTest" classname="org.sosy_lab.java_smt_example.SudokuTest" time="0.201"/>
  <testcase name="princessSudokuTest" classname="org.sosy_lab.java_smt_example.SudokuTest" time="1.249"/>
</testsuite>